<?xml version="1.0" encoding="UTF-8"?>
<!-- Generated by org.testng.reporters.JUnitXMLReporter -->
<testsuite hostname="DESKTOP-K2A2K3M" failures="0" tests="4" name="testng" time="174.924" errors="0" timestamp="16 May 2020 02:27:59 GMT">
  <testcase classname="com.hrms.testscripts.TC001" name="LoginLogout" time="26.165"/>
  <testcase classname="com.hrms.testscripts.TC002" name="addDelEmp" time="43.038"/>
  <testcase classname="com.hrms.testscripts.TC003" name="entering_company_info1" time="28.127"/>
  <testcase classname="com.hrms.testscripts.TC004" name="windowHandle" time="43.773"/>
</testsuite> <!-- testng -->
