<?xml version="1.0" encoding="UTF-8"?>
<!-- Generated by org.testng.reporters.JUnitXMLReporter -->
<testsuite hostname="DESKTOP-K2A2K3M" failures="0" tests="5" name="testng" time="74.364" errors="0" timestamp="14 May 2020 07:46:40 GMT">
  <testcase classname="com.hrms.testscripts.TC001" name="LoginLogout" time="6.984"/>
  <testcase classname="com.hrms.testscripts.TC003" name="entering_company_info1" time="22.173"/>
  <testcase classname="com.hrms.testscripts.TC002" name="admin_Login" time="5.228"/>
  <testcase classname="com.hrms.testscripts.TC002" name="addingEmployee" time="17.432"/>
  <testcase classname="com.hrms.testscripts.TC002" name="deletingEmplyee" time="5.604"/>
</testsuite> <!-- testng -->
